<?xml version="1.0" encoding="UTF-8"?>
<!-- Generated by org.testng.reporters.JUnitReportReporter -->
<testsuite hostname="DESKTOP-4B9SAMF" failures="0" tests="3" name="Amazon.LoginAmazon" time="193.741" errors="0" timestamp="2021-11-02T19:33:03 IST" skipped="0">
  <testcase classname="Amazon.LoginAmazon" name="Login" time="147.000"/>
  <system-out/>
  <testcase classname="Amazon.LoginAmazon" name="Search" time="17.953"/>
  <system-out/>
  <testcase classname="Amazon.LoginAmazon" name="rating" time="28.788"/>
  <system-out>
    <![CDATA[searched onepluse 9 pro
Reviews that have 1 stars: 7%
Reviews that have 2 stars: 7%
Reviews that have 3 stars: 5%
Reviews that have 4 stars: 25%
Reviews that have 5 stars: 61%]]>
  </system-out>
</testsuite> <!-- Amazon.LoginAmazon -->
